CRITICAL - 2022-09-25 01:26:54 --> Undefined variable $titleModal
in APPPATH\Views\Pengguna\Modal\modalPengguna.php on line 7.
 1 APPPATH\Views\Pengguna\Modal\modalPengguna.php(7): CodeIgniter\Debug\Exceptions->errorHandler(2, 'Undefined variable $titleModal', 'APPPATH\\Views\\Pengguna\\Modal\\modalPengguna.php', 7)
 2 APPPATH\Views\Pengguna\index.php(42): include('APPPATH\\Views\\Pengguna\\Modal\\modalPengguna.php')
 3 SYSTEMPATH\View\View.php(213): include('APPPATH\\Views\\Pengguna\\index.php')
 4 SYSTEMPATH\View\View.php(216): CodeIgniter\View\View->CodeIgniter\View\{closure}()
 5 SYSTEMPATH\Common.php(1142): CodeIgniter\View\View->render('Pengguna/index', [], true)
 6 APPPATH\Controllers\Pengguna.php(22): view('Pengguna/index', [...])
 7 SYSTEMPATH\CodeIgniter.php(907): App\Controllers\Pengguna->index()
 8 SYSTEMPATH\CodeIgniter.php(457): CodeIgniter\CodeIgniter->runController(Object(App\Controllers\Pengguna))
 9 SYSTEMPATH\CodeIgniter.php(340): CodeIgniter\CodeIgniter->handleRequest(null, Object(Config\Cache), false)
10 FCPATH\index.php(67): CodeIgniter\CodeIgniter->run()
11 SYSTEMPATH\Commands\Server\rewrite.php(43): require_once('FCPATH\\index.php')
CRITICAL - 2022-09-25 16:19:23 --> Undefined variable $title
in APPPATH\Views\Layout\index.php on line 5.
 1 APPPATH\Views\Layout\index.php(5): CodeIgniter\Debug\Exceptions->errorHandler(2, 'Undefined variable $title', 'APPPATH\\Views\\Layout\\index.php', 5)
 2 SYSTEMPATH\View\View.php(213): include('APPPATH\\Views\\Layout\\index.php')
 3 SYSTEMPATH\View\View.php(216): CodeIgniter\View\View->CodeIgniter\View\{closure}()
 4 SYSTEMPATH\Common.php(1142): CodeIgniter\View\View->render('Layout/index', [], true)
 5 APPPATH\Controllers\Home.php(9): view('Layout/index')
 6 SYSTEMPATH\CodeIgniter.php(907): App\Controllers\Home->index()
 7 SYSTEMPATH\CodeIgniter.php(457): CodeIgniter\CodeIgniter->runController(Object(App\Controllers\Home))
 8 SYSTEMPATH\CodeIgniter.php(340): CodeIgniter\CodeIgniter->handleRequest(null, Object(Config\Cache), false)
 9 FCPATH\index.php(67): CodeIgniter\CodeIgniter->run()
10 SYSTEMPATH\Commands\Server\rewrite.php(43): require_once('FCPATH\\index.php')
CRITICAL - 2022-09-25 16:19:40 --> syntax error, unexpected token ","
in APPPATH\Controllers\Home.php on line 9.
 1 SYSTEMPATH\Autoloader\Autoloader.php(259): CodeIgniter\Autoloader\Autoloader->includeFile('APPPATH\\Controllers\\Home.php')
 2 SYSTEMPATH\Autoloader\Autoloader.php(237): CodeIgniter\Autoloader\Autoloader->loadInNamespace('App\\Controllers\\Home')
 3 [internal function]: CodeIgniter\Autoloader\Autoloader->loadClass('App\\Controllers\\Home')
 4 SYSTEMPATH\CodeIgniter.php(857): class_exists('\\App\\Controllers\\Home', true)
 5 SYSTEMPATH\CodeIgniter.php(444): CodeIgniter\CodeIgniter->startController()
 6 SYSTEMPATH\CodeIgniter.php(340): CodeIgniter\CodeIgniter->handleRequest(null, Object(Config\Cache), false)
 7 FCPATH\index.php(67): CodeIgniter\CodeIgniter->run()
 8 SYSTEMPATH\Commands\Server\rewrite.php(43): require_once('FCPATH\\index.php')
CRITICAL - 2022-09-25 16:19:47 --> Undefined variable $title
in APPPATH\Views\Layout\index.php on line 5.
 1 APPPATH\Views\Layout\index.php(5): CodeIgniter\Debug\Exceptions->errorHandler(2, 'Undefined variable $title', 'APPPATH\\Views\\Layout\\index.php', 5)
 2 SYSTEMPATH\View\View.php(213): include('APPPATH\\Views\\Layout\\index.php')
 3 SYSTEMPATH\View\View.php(216): CodeIgniter\View\View->CodeIgniter\View\{closure}()
 4 SYSTEMPATH\Common.php(1142): CodeIgniter\View\View->render('Layout/index', [], true)
 5 APPPATH\Controllers\Home.php(10): view('Layout/index')
 6 SYSTEMPATH\CodeIgniter.php(907): App\Controllers\Home->index()
 7 SYSTEMPATH\CodeIgniter.php(457): CodeIgniter\CodeIgniter->runController(Object(App\Controllers\Home))
 8 SYSTEMPATH\CodeIgniter.php(340): CodeIgniter\CodeIgniter->handleRequest(null, Object(Config\Cache), false)
 9 FCPATH\index.php(67): CodeIgniter\CodeIgniter->run()
10 SYSTEMPATH\Commands\Server\rewrite.php(43): require_once('FCPATH\\index.php')
CRITICAL - 2022-09-25 16:19:56 --> Undefined variable $breadcrumb
in APPPATH\Views\Layout\title.php on line 18.
 1 APPPATH\Views\Layout\title.php(18): CodeIgniter\Debug\Exceptions->errorHandler(2, 'Undefined variable $breadcrumb', 'APPPATH\\Views\\Layout\\title.php', 18)
 2 APPPATH\Views\Layout\index.php(84): include('APPPATH\\Views\\Layout\\title.php')
 3 SYSTEMPATH\View\View.php(213): include('APPPATH\\Views\\Layout\\index.php')
 4 SYSTEMPATH\View\View.php(216): CodeIgniter\View\View->CodeIgniter\View\{closure}()
 5 SYSTEMPATH\Common.php(1142): CodeIgniter\View\View->render('Layout/index', [], true)
 6 APPPATH\Controllers\Home.php(10): view('Layout/index', [...])
 7 SYSTEMPATH\CodeIgniter.php(907): App\Controllers\Home->index()
 8 SYSTEMPATH\CodeIgniter.php(457): CodeIgniter\CodeIgniter->runController(Object(App\Controllers\Home))
 9 SYSTEMPATH\CodeIgniter.php(340): CodeIgniter\CodeIgniter->handleRequest(null, Object(Config\Cache), false)
10 FCPATH\index.php(67): CodeIgniter\CodeIgniter->run()
11 SYSTEMPATH\Commands\Server\rewrite.php(43): require_once('FCPATH\\index.php')
CRITICAL - 2022-09-25 18:59:18 --> Attempt to read property "id" on null
in VENDORPATH\myth\auth\src\Models\UserModel.php on line 77.
 1 VENDORPATH\myth\auth\src\Models\UserModel.php(77): CodeIgniter\Debug\Exceptions->errorHandler(2, 'Attempt to read property "id" on null', 'VENDORPATH\\myth\\auth\\src\\Models\\UserModel.php', 77)
 2 APPPATH\Controllers\Pengguna.php(45): Myth\Auth\Models\UserModel->withGroup('2')
 3 SYSTEMPATH\CodeIgniter.php(907): App\Controllers\Pengguna->add()
 4 SYSTEMPATH\CodeIgniter.php(457): CodeIgniter\CodeIgniter->runController(Object(App\Controllers\Pengguna))
 5 SYSTEMPATH\CodeIgniter.php(340): CodeIgniter\CodeIgniter->handleRequest(null, Object(Config\Cache), false)
 6 FCPATH\index.php(67): CodeIgniter\CodeIgniter->run()
 7 SYSTEMPATH\Commands\Server\rewrite.php(43): require_once('FCPATH\\index.php')
CRITICAL - 2022-09-25 20:00:28 --> Attempt to read property "id" on null
in VENDORPATH\myth\auth\src\Models\UserModel.php on line 111.
 1 VENDORPATH\myth\auth\src\Models\UserModel.php(111): CodeIgniter\Debug\Exceptions->errorHandler(2, 'Attempt to read property "id" on null', 'VENDORPATH\\myth\\auth\\src\\Models\\UserModel.php', 111)
 2 APPPATH\Controllers\Pengguna.php(44): Myth\Auth\Models\UserModel->withGroup('ROOTPATH\\public')
 3 SYSTEMPATH\CodeIgniter.php(907): App\Controllers\Pengguna->add()
 4 SYSTEMPATH\CodeIgniter.php(457): CodeIgniter\CodeIgniter->runController(Object(App\Controllers\Pengguna))
 5 SYSTEMPATH\CodeIgniter.php(340): CodeIgniter\CodeIgniter->handleRequest(null, Object(Config\Cache), false)
 6 FCPATH\index.php(67): CodeIgniter\CodeIgniter->run()
 7 SYSTEMPATH\Commands\Server\rewrite.php(43): require_once('FCPATH\\index.php')
CRITICAL - 2022-09-25 20:01:40 --> Attempt to read property "id" on null
in VENDORPATH\myth\auth\src\Models\UserModel.php on line 111.
 1 VENDORPATH\myth\auth\src\Models\UserModel.php(111): CodeIgniter\Debug\Exceptions->errorHandler(2, 'Attempt to read property "id" on null', 'VENDORPATH\\myth\\auth\\src\\Models\\UserModel.php', 111)
 2 APPPATH\Controllers\Pengguna.php(50): Myth\Auth\Models\UserModel->withGroup('2')
 3 SYSTEMPATH\CodeIgniter.php(907): App\Controllers\Pengguna->add()
 4 SYSTEMPATH\CodeIgniter.php(457): CodeIgniter\CodeIgniter->runController(Object(App\Controllers\Pengguna))
 5 SYSTEMPATH\CodeIgniter.php(340): CodeIgniter\CodeIgniter->handleRequest(null, Object(Config\Cache), false)
 6 FCPATH\index.php(67): CodeIgniter\CodeIgniter->run()
 7 SYSTEMPATH\Commands\Server\rewrite.php(43): require_once('FCPATH\\index.php')
CRITICAL - 2022-09-25 20:03:44 --> Attempt to read property "id" on null
in VENDORPATH\myth\auth\src\Models\UserModel.php on line 111.
 1 VENDORPATH\myth\auth\src\Models\UserModel.php(111): CodeIgniter\Debug\Exceptions->errorHandler(2, 'Attempt to read property "id" on null', 'VENDORPATH\\myth\\auth\\src\\Models\\UserModel.php', 111)
 2 APPPATH\Controllers\Pengguna.php(50): Myth\Auth\Models\UserModel->withGroup('2')
 3 SYSTEMPATH\CodeIgniter.php(907): App\Controllers\Pengguna->add()
 4 SYSTEMPATH\CodeIgniter.php(457): CodeIgniter\CodeIgniter->runController(Object(App\Controllers\Pengguna))
 5 SYSTEMPATH\CodeIgniter.php(340): CodeIgniter\CodeIgniter->handleRequest(null, Object(Config\Cache), false)
 6 FCPATH\index.php(67): CodeIgniter\CodeIgniter->run()
 7 SYSTEMPATH\Commands\Server\rewrite.php(43): require_once('FCPATH\\index.php')
CRITICAL - 2022-09-25 20:05:18 --> Attempt to read property "id" on null
in VENDORPATH\myth\auth\src\Models\UserModel.php on line 111.
 1 VENDORPATH\myth\auth\src\Models\UserModel.php(111): CodeIgniter\Debug\Exceptions->errorHandler(2, 'Attempt to read property "id" on null', 'VENDORPATH\\myth\\auth\\src\\Models\\UserModel.php', 111)
 2 APPPATH\Controllers\Pengguna.php(50): Myth\Auth\Models\UserModel->withGroup('3')
 3 SYSTEMPATH\CodeIgniter.php(907): App\Controllers\Pengguna->add()
 4 SYSTEMPATH\CodeIgniter.php(457): CodeIgniter\CodeIgniter->runController(Object(App\Controllers\Pengguna))
 5 SYSTEMPATH\CodeIgniter.php(340): CodeIgniter\CodeIgniter->handleRequest(null, Object(Config\Cache), false)
 6 FCPATH\index.php(67): CodeIgniter\CodeIgniter->run()
 7 SYSTEMPATH\Commands\Server\rewrite.php(43): require_once('FCPATH\\index.php')
CRITICAL - 2022-09-25 22:37:05 --> Attempt to read property "first_name" on array
in APPPATH\Views\Pengguna\Table\tablePengguna.php on line 34.
 1 APPPATH\Views\Pengguna\Table\tablePengguna.php(34): CodeIgniter\Debug\Exceptions->errorHandler(2, 'Attempt to read property "first_name" on array', 'APPPATH\\Views\\Pengguna\\Table\\tablePengguna.php', 34)
 2 APPPATH\Views\Pengguna\index.php(33): include('APPPATH\\Views\\Pengguna\\Table\\tablePengguna.php')
 3 SYSTEMPATH\View\View.php(213): include('APPPATH\\Views\\Pengguna\\index.php')
 4 SYSTEMPATH\View\View.php(216): CodeIgniter\View\View->CodeIgniter\View\{closure}()
 5 SYSTEMPATH\Common.php(1142): CodeIgniter\View\View->render('Pengguna/index', [], true)
 6 APPPATH\Controllers\Pengguna.php(30): view('Pengguna/index', [...])
 7 SYSTEMPATH\CodeIgniter.php(907): App\Controllers\Pengguna->index()
 8 SYSTEMPATH\CodeIgniter.php(457): CodeIgniter\CodeIgniter->runController(Object(App\Controllers\Pengguna))
 9 SYSTEMPATH\CodeIgniter.php(340): CodeIgniter\CodeIgniter->handleRequest(null, Object(Config\Cache), false)
10 FCPATH\index.php(67): CodeIgniter\CodeIgniter->run()
11 SYSTEMPATH\Commands\Server\rewrite.php(43): require_once('FCPATH\\index.php')
CRITICAL - 2022-09-25 22:39:15 --> Attempt to read property "first_name" on array
in APPPATH\Views\Pengguna\Table\tablePengguna.php on line 34.
 1 APPPATH\Views\Pengguna\Table\tablePengguna.php(34): CodeIgniter\Debug\Exceptions->errorHandler(2, 'Attempt to read property "first_name" on array', 'APPPATH\\Views\\Pengguna\\Table\\tablePengguna.php', 34)
 2 APPPATH\Views\Pengguna\index.php(33): include('APPPATH\\Views\\Pengguna\\Table\\tablePengguna.php')
 3 SYSTEMPATH\View\View.php(213): include('APPPATH\\Views\\Pengguna\\index.php')
 4 SYSTEMPATH\View\View.php(216): CodeIgniter\View\View->CodeIgniter\View\{closure}()
 5 SYSTEMPATH\Common.php(1142): CodeIgniter\View\View->render('Pengguna/index', [], true)
 6 APPPATH\Controllers\Pengguna.php(29): view('Pengguna/index', [...])
 7 SYSTEMPATH\CodeIgniter.php(907): App\Controllers\Pengguna->index()
 8 SYSTEMPATH\CodeIgniter.php(457): CodeIgniter\CodeIgniter->runController(Object(App\Controllers\Pengguna))
 9 SYSTEMPATH\CodeIgniter.php(340): CodeIgniter\CodeIgniter->handleRequest(null, Object(Config\Cache), false)
10 FCPATH\index.php(67): CodeIgniter\CodeIgniter->run()
11 SYSTEMPATH\Commands\Server\rewrite.php(43): require_once('FCPATH\\index.php')
CRITICAL - 2022-09-25 22:41:22 --> Array to string conversion
in APPPATH\Views\Pengguna\Table\tablePengguna.php on line 37.
 1 APPPATH\Views\Pengguna\Table\tablePengguna.php(37): CodeIgniter\Debug\Exceptions->errorHandler(2, 'Array to string conversion', 'APPPATH\\Views\\Pengguna\\Table\\tablePengguna.php', 37)
 2 APPPATH\Views\Pengguna\index.php(33): include('APPPATH\\Views\\Pengguna\\Table\\tablePengguna.php')
 3 SYSTEMPATH\View\View.php(213): include('APPPATH\\Views\\Pengguna\\index.php')
 4 SYSTEMPATH\View\View.php(216): CodeIgniter\View\View->CodeIgniter\View\{closure}()
 5 SYSTEMPATH\Common.php(1142): CodeIgniter\View\View->render('Pengguna/index', [], true)
 6 APPPATH\Controllers\Pengguna.php(29): view('Pengguna/index', [...])
 7 SYSTEMPATH\CodeIgniter.php(907): App\Controllers\Pengguna->index()
 8 SYSTEMPATH\CodeIgniter.php(457): CodeIgniter\CodeIgniter->runController(Object(App\Controllers\Pengguna))
 9 SYSTEMPATH\CodeIgniter.php(340): CodeIgniter\CodeIgniter->handleRequest(null, Object(Config\Cache), false)
10 FCPATH\index.php(67): CodeIgniter\CodeIgniter->run()
11 SYSTEMPATH\Commands\Server\rewrite.php(43): require_once('FCPATH\\index.php')
CRITICAL - 2022-09-25 23:45:27 --> Call to undefined method Myth\Auth\Models\UserModel::showAll
in SYSTEMPATH\Model.php on line 774.
 1 APPPATH\Controllers\Pengguna.php(36): CodeIgniter\Model->__call('showAll', [])
 2 SYSTEMPATH\CodeIgniter.php(907): App\Controllers\Pengguna->table()
 3 SYSTEMPATH\CodeIgniter.php(457): CodeIgniter\CodeIgniter->runController(Object(App\Controllers\Pengguna))
 4 SYSTEMPATH\CodeIgniter.php(340): CodeIgniter\CodeIgniter->handleRequest(null, Object(Config\Cache), false)
 5 FCPATH\index.php(67): CodeIgniter\CodeIgniter->run()
 6 SYSTEMPATH\Commands\Server\rewrite.php(43): require_once('FCPATH\\index.php')
CRITICAL - 2022-09-25 23:46:23 --> Undefined variable $pengguna
in APPPATH\Views\Pengguna\Table\tablePengguna.php on line 17.
 1 APPPATH\Views\Pengguna\Table\tablePengguna.php(17): CodeIgniter\Debug\Exceptions->errorHandler(2, 'Undefined variable $pengguna', 'APPPATH\\Views\\Pengguna\\Table\\tablePengguna.php', 17)
 2 APPPATH\Views\Pengguna\index.php(33): include('APPPATH\\Views\\Pengguna\\Table\\tablePengguna.php')
 3 SYSTEMPATH\View\View.php(213): include('APPPATH\\Views\\Pengguna\\index.php')
 4 SYSTEMPATH\View\View.php(216): CodeIgniter\View\View->CodeIgniter\View\{closure}()
 5 SYSTEMPATH\Common.php(1142): CodeIgniter\View\View->render('Pengguna/index', [], true)
 6 APPPATH\Controllers\Pengguna.php(28): view('Pengguna/index', [...])
 7 SYSTEMPATH\CodeIgniter.php(907): App\Controllers\Pengguna->index()
 8 SYSTEMPATH\CodeIgniter.php(457): CodeIgniter\CodeIgniter->runController(Object(App\Controllers\Pengguna))
 9 SYSTEMPATH\CodeIgniter.php(340): CodeIgniter\CodeIgniter->handleRequest(null, Object(Config\Cache), false)
10 FCPATH\index.php(67): CodeIgniter\CodeIgniter->run()
11 SYSTEMPATH\Commands\Server\rewrite.php(43): require_once('FCPATH\\index.php')
